<?xml version="1.0" encoding="UTF-8"?>
<!-- Generated by org.testng.reporters.JUnitReportReporter -->
<testsuite hostname="DESKTOP-OJ7HGSR" failures="0" tests="1" name="myTestCases" time="36.258" errors="0" timestamp="2023-05-05T21:49:22 EET" skipped="0">
  <testcase classname="myTestCases" name="Open_the_application" time="36.258"/>
  <system-out/>
</testsuite> <!-- myTestCases -->
